[0508/171749.541:ERROR:process_reader_win.cc(123)] NtOpenThread: {Access Denied} A process has requested access to an object, but has not been granted those access rights. (0xc0000022)
[0508/171749.545:ERROR:exception_snapshot_win.cc(98)] thread ID 7716 not found in process
[0508/171749.591:ERROR:process_reader_win.cc(123)] NtOpenThread: {Access Denied} A process has requested access to an object, but has not been granted those access rights. (0xc0000022)
[0508/171749.591:ERROR:exception_snapshot_win.cc(98)] thread ID 20736 not found in process
[0509/000610.722:ERROR:process_reader_win.cc(123)] NtOpenThread: {Access Denied} A process has requested access to an object, but has not been granted those access rights. (0xc0000022)
[0509/000610.726:ERROR:exception_snapshot_win.cc(98)] thread ID 8512 not found in process
[0509/000610.728:ERROR:process_reader_win.cc(123)] NtOpenThread: {Access Denied} A process has requested access to an object, but has not been granted those access rights. (0xc0000022)
[0509/000610.728:ERROR:exception_snapshot_win.cc(98)] thread ID 15004 not found in process
[0509/000610.730:ERROR:process_reader_win.cc(123)] NtOpenThread: {Access Denied} A process has requested access to an object, but has not been granted those access rights. (0xc0000022)
[0509/000610.732:ERROR:exception_snapshot_win.cc(98)] thread ID 14920 not found in process
[0509/000610.730:ERROR:process_reader_win.cc(123)] NtOpenThread: {Access Denied} A process has requested access to an object, but has not been granted those access rights. (0xc0000022)
[0509/000610.732:ERROR:exception_snapshot_win.cc(98)] thread ID 17584 not found in process
[0509/000610.788:ERROR:process_reader_win.cc(123)] NtOpenThread: {Access Denied} A process has requested access to an object, but has not been granted those access rights. (0xc0000022)
[0509/000610.788:ERROR:exception_snapshot_win.cc(98)] thread ID 14880 not found in process
[0509/000610.791:ERROR:process_reader_win.cc(123)] NtOpenThread: {Access Denied} A process has requested access to an object, but has not been granted those access rights. (0xc0000022)
[0509/000610.791:ERROR:exception_snapshot_win.cc(98)] thread ID 7508 not found in process
[0509/000610.793:ERROR:process_reader_win.cc(123)] NtOpenThread: {Access Denied} A process has requested access to an object, but has not been granted those access rights. (0xc0000022)
[0509/000610.793:ERROR:exception_snapshot_win.cc(98)] thread ID 7264 not found in process
[0509/001753.288:ERROR:process_reader_win.cc(123)] NtOpenThread: {Access Denied} A process has requested access to an object, but has not been granted those access rights. (0xc0000022)
[0509/001753.289:ERROR:exception_snapshot_win.cc(98)] thread ID 11228 not found in process
[0509/001753.290:ERROR:process_reader_win.cc(123)] NtOpenThread: {Access Denied} A process has requested access to an object, but has not been granted those access rights. (0xc0000022)
[0509/001753.291:ERROR:exception_snapshot_win.cc(98)] thread ID 12544 not found in process
[0509/001753.349:ERROR:process_reader_win.cc(123)] NtOpenThread: {Access Denied} A process has requested access to an object, but has not been granted those access rights. (0xc0000022)
[0509/001753.349:ERROR:exception_snapshot_win.cc(98)] thread ID 17040 not found in process
[0509/001753.350:ERROR:process_reader_win.cc(123)] NtOpenThread: {Access Denied} A process has requested access to an object, but has not been granted those access rights. (0xc0000022)
[0509/001753.350:ERROR:exception_snapshot_win.cc(98)] thread ID 16904 not found in process
[0509/080347.317:ERROR:process_reader_win.cc(123)] NtOpenThread: {Access Denied} A process has requested access to an object, but has not been granted those access rights. (0xc0000022)
[0509/080347.319:ERROR:process_reader_win.cc(123)] NtOpenThread: {Access Denied} A process has requested access to an object, but has not been granted those access rights. (0xc0000022)
[0509/080347.320:ERROR:exception_snapshot_win.cc(98)] thread ID 33332 not found in process
[0509/080347.320:ERROR:exception_snapshot_win.cc(98)] thread ID 8696 not found in process
[0509/080347.323:ERROR:process_reader_win.cc(123)] NtOpenThread: {Access Denied} A process has requested access to an object, but has not been granted those access rights. (0xc0000022)
[0509/080347.325:ERROR:exception_snapshot_win.cc(98)] thread ID 35724 not found in process
[0509/080347.327:ERROR:process_reader_win.cc(123)] NtOpenThread: {Access Denied} A process has requested access to an object, but has not been granted those access rights. (0xc0000022)
[0509/080347.329:ERROR:exception_snapshot_win.cc(98)] thread ID 24756 not found in process
[0509/080347.332:ERROR:process_reader_win.cc(123)] NtOpenThread: {Access Denied} A process has requested access to an object, but has not been granted those access rights. (0xc0000022)
[0509/080347.333:ERROR:exception_snapshot_win.cc(98)] thread ID 9412 not found in process
[0509/080347.337:ERROR:process_reader_win.cc(123)] NtOpenThread: {Access Denied} A process has requested access to an object, but has not been granted those access rights. (0xc0000022)
[0509/080347.339:ERROR:exception_snapshot_win.cc(98)] thread ID 32876 not found in process
[0509/080347.346:ERROR:process_reader_win.cc(123)] NtOpenThread: {Access Denied} A process has requested access to an object, but has not been granted those access rights. (0xc0000022)
[0509/080347.348:ERROR:exception_snapshot_win.cc(98)] thread ID 20512 not found in process
[0509/080347.356:ERROR:process_reader_win.cc(123)] NtOpenThread: {Access Denied} A process has requested access to an object, but has not been granted those access rights. (0xc0000022)
[0509/080347.358:ERROR:exception_snapshot_win.cc(98)] thread ID 30672 not found in process
[0509/080347.369:ERROR:process_reader_win.cc(123)] NtOpenThread: {Access Denied} A process has requested access to an object, but has not been granted those access rights. (0xc0000022)
[0509/080347.373:ERROR:exception_snapshot_win.cc(98)] thread ID 32548 not found in process
[0509/080347.487:ERROR:process_reader_win.cc(123)] NtOpenThread: {Access Denied} A process has requested access to an object, but has not been granted those access rights. (0xc0000022)
[0509/080347.487:ERROR:exception_snapshot_win.cc(98)] thread ID 30744 not found in process
[0509/080347.493:ERROR:process_reader_win.cc(123)] NtOpenThread: {Access Denied} A process has requested access to an object, but has not been granted those access rights. (0xc0000022)
[0509/080347.493:ERROR:exception_snapshot_win.cc(98)] thread ID 35132 not found in process
[0509/080347.496:ERROR:process_reader_win.cc(123)] NtOpenThread: {Access Denied} A process has requested access to an object, but has not been granted those access rights. (0xc0000022)
[0509/080347.496:ERROR:exception_snapshot_win.cc(98)] thread ID 25540 not found in process
[0509/080347.497:ERROR:process_reader_win.cc(123)] NtOpenThread: {Access Denied} A process has requested access to an object, but has not been granted those access rights. (0xc0000022)
[0509/080347.497:ERROR:process_reader_win.cc(123)] NtOpenThread: {Access Denied} A process has requested access to an object, but has not been granted those access rights. (0xc0000022)
[0509/080347.497:ERROR:process_reader_win.cc(123)] NtOpenThread: {Access Denied} A process has requested access to an object, but has not been granted those access rights. (0xc0000022)
[0509/080347.497:ERROR:process_reader_win.cc(123)] NtOpenThread: {Access Denied} A process has requested access to an object, but has not been granted those access rights. (0xc0000022)
[0509/080347.497:ERROR:exception_snapshot_win.cc(98)] thread ID 34240 not found in process
[0509/080347.497:ERROR:exception_snapshot_win.cc(98)] thread ID 24316 not found in process
[0509/080347.497:ERROR:exception_snapshot_win.cc(98)] thread ID 5024 not found in process
[0509/080347.497:ERROR:exception_snapshot_win.cc(98)] thread ID 26336 not found in process
[0509/080347.501:ERROR:process_reader_win.cc(123)] NtOpenThread: {Access Denied} A process has requested access to an object, but has not been granted those access rights. (0xc0000022)
[0509/080347.501:ERROR:exception_snapshot_win.cc(98)] thread ID 34096 not found in process
[0509/080347.503:ERROR:process_reader_win.cc(123)] NtOpenThread: {Access Denied} A process has requested access to an object, but has not been granted those access rights. (0xc0000022)
[0509/080347.504:ERROR:exception_snapshot_win.cc(98)] thread ID 32756 not found in process
[0509/111615.293:ERROR:process_info.cc(329)] VirtualQueryEx: Access is denied. (0x5)
[0509/111615.294:ERROR:process_info.cc(556)] ReadMemoryInfo failed
[0509/111615.294:ERROR:scoped_process_suspend.cc(40)] NtResumeProcess: An attempt was made to access an exiting process. (0xc000010a)
[0509/130441.047:ERROR:process_reader_win.cc(123)] NtOpenThread: {Access Denied} A process has requested access to an object, but has not been granted those access rights. (0xc0000022)
[0509/130441.049:ERROR:exception_snapshot_win.cc(98)] thread ID 18584 not found in process
[0509/130441.050:ERROR:process_reader_win.cc(123)] NtOpenThread: {Access Denied} A process has requested access to an object, but has not been granted those access rights. (0xc0000022)
[0509/130441.051:ERROR:exception_snapshot_win.cc(98)] thread ID 7224 not found in process
[0509/130441.051:ERROR:process_reader_win.cc(123)] NtOpenThread: {Access Denied} A process has requested access to an object, but has not been granted those access rights. (0xc0000022)
[0509/130441.052:ERROR:exception_snapshot_win.cc(98)] thread ID 42124 not found in process
[0509/130441.144:ERROR:process_reader_win.cc(123)] NtOpenThread: {Access Denied} A process has requested access to an object, but has not been granted those access rights. (0xc0000022)
[0509/130441.144:ERROR:process_reader_win.cc(123)] NtOpenThread: {Access Denied} A process has requested access to an object, but has not been granted those access rights. (0xc0000022)
[0509/130441.144:ERROR:process_reader_win.cc(123)] NtOpenThread: {Access Denied} A process has requested access to an object, but has not been granted those access rights. (0xc0000022)
[0509/130441.144:ERROR:exception_snapshot_win.cc(98)] thread ID 41704 not found in process
[0509/130441.144:ERROR:exception_snapshot_win.cc(98)] thread ID 16764 not found in process
[0509/130441.144:ERROR:exception_snapshot_win.cc(98)] thread ID 27376 not found in process
