2020-05-08 23:58:53 [root] WARNING: Name is: Nintendo - Switch 32GB Console - Neon Red/Neon Blue Joy-Con
2020-05-08 23:58:53 [root] WARNING: The price is $299.99
2020-05-08 23:58:53 [root] WARNING: status: Sold Out
2020-05-08 23:58:56 [root] WARNING: Name is: Nintendo - Switch 32GB Console - Gray Joy-Con
2020-05-08 23:58:56 [root] WARNING: The price is $299.99
2020-05-08 23:58:56 [root] WARNING: status: Sold Out
2020-05-08 23:58:59 [root] WARNING: Name is: Apple - iPad (Latest Model) with Wi-Fi - 32GB - Space Gray
2020-05-08 23:58:59 [root] WARNING: The price is $249.99
2020-05-08 23:58:59 [root] WARNING: status: Add to Cart
2020-05-08 23:59:18 [root] WARNING: Name is: Nintendo - Switch 32GB Console - Neon Red/Neon Blue Joy-Con
2020-05-08 23:59:18 [root] WARNING: The price is $299.99
2020-05-08 23:59:18 [root] WARNING: status: Sold Out
2020-05-08 23:59:22 [root] WARNING: Name is: Apple - iPad (Latest Model) with Wi-Fi - 32GB - Space Gray
2020-05-08 23:59:22 [root] WARNING: The price is $249.99
2020-05-08 23:59:22 [root] WARNING: status: Add to Cart
2020-05-08 23:59:24 [root] WARNING: Name is: Nintendo - Switch 32GB Console - Gray Joy-Con
2020-05-08 23:59:24 [root] WARNING: The price is $299.99
2020-05-08 23:59:24 [root] WARNING: status: Sold Out
2020-05-08 23:59:45 [root] WARNING: Name is: Nintendo - Switch 32GB Console - Neon Red/Neon Blue Joy-Con
2020-05-08 23:59:45 [root] WARNING: The price is $299.99
2020-05-08 23:59:45 [root] WARNING: status: Sold Out
2020-05-08 23:59:48 [root] WARNING: Name is: Nintendo - Switch 32GB Console - Gray Joy-Con
2020-05-08 23:59:48 [root] WARNING: The price is $299.99
2020-05-08 23:59:48 [root] WARNING: status: Sold Out
2020-05-08 23:59:51 [root] WARNING: Name is: Apple - iPad (Latest Model) with Wi-Fi - 32GB - Space Gray
2020-05-08 23:59:51 [root] WARNING: The price is $249.99
2020-05-08 23:59:51 [root] WARNING: status: Add to Cart
2020-05-09 00:00:08 [root] WARNING: Name is: Nintendo - Switch 32GB Console - Neon Red/Neon Blue Joy-Con
2020-05-09 00:00:08 [root] WARNING: The price is $299.99
2020-05-09 00:00:08 [root] WARNING: status: Sold Out
2020-05-09 00:00:11 [root] WARNING: Name is: Nintendo - Switch 32GB Console - Gray Joy-Con
2020-05-09 00:00:11 [root] WARNING: The price is $299.99
2020-05-09 00:00:11 [root] WARNING: status: Sold Out
2020-05-09 00:00:14 [root] WARNING: Name is: Apple - iPad (Latest Model) with Wi-Fi - 32GB - Space Gray
2020-05-09 00:00:14 [root] WARNING: The price is $249.99
2020-05-09 00:00:14 [root] WARNING: status: Add to Cart
